<?xml version="1.0" encoding="UTF-8"?>
<!-- Generated by org.testng.reporters.JUnitXMLReporter -->
<testsuite hostname="DESKTOP-2L34IJJ" ignored="0" name="Test" tests="6" failures="1" timestamp="2021-04-14T19:02:16 IST" time="0.275" errors="0">
  <testcase name="credentials" time="0.023" classname="com.testNg.java.AssertTest">
    <skipped/>
  </testcase> <!-- credentials -->
  <testcase name="credentials" time="0.007" classname="com.testNg.java.AssertTest">
    <skipped/>
  </testcase> <!-- credentials -->
  <testcase name="credentials" time="0.013" classname="com.testNg.java.AssertTest">
    <skipped/>
  </testcase> <!-- credentials -->
  <testcase name="credentials" time="0.005" classname="com.testNg.java.AssertTest">
    <skipped/>
  </testcase> <!-- credentials -->
  <testcase name="credentials" time="0.013" classname="com.testNg.java.AssertTest">
    <failure type="java.lang.AssertionError" message="expected [vichu] but found [smith]">
      <![CDATA[java.lang.AssertionError: expected [vichu] but found [smith]
at com.testNg.java.AssertTest.credentials(AssertTest.java:25)
at java.util.ArrayList.forEach(Unknown Source)
... Removed 33 stack frames]]>
    </failure>
  </testcase> <!-- credentials -->
  <testcase name="credentials1" time="0.021" classname="com.testNg.java.AssertTest"/>
</testsuite> <!-- Test -->
